<?xml version="1.0" encoding="UTF-8"?>
<!-- Generated by org.testng.reporters.JUnitXMLReporter -->
<testsuite hostname="CHNMCT133232L" ignored="1" name="Default test" tests="1" failures="0" timestamp="11 Jan 2018 06:24:21 GMT" time="9.139" errors="0">
  <testcase name="getTicketsTest" time="9.016" classname="com.suf.wsr.daily_report.DailyReportApplicationTest"/>
  <testcase name="insertTest" time="0.0" classname="com.suf.wsr.daily_report.DailyReportApplicationTest">
    <ignored/>
  </testcase> <!-- insertTest -->
</testsuite> <!-- Default test -->
