<?xml version="1.0" encoding="UTF-8"?>
<!-- Generated by org.testng.reporters.JUnitXMLReporter -->
<testsuite hostname="CHNMCT133232L" ignored="0" name="Default test" tests="2" failures="0" timestamp="21 Feb 2018 06:00:29 GMT" time="18.433" errors="0">
  <testcase name="getTicketsTest" time="14.817" classname="com.suf.wsr.daily_report.DailyReportApplicationTest"/>
  <testcase name="insertTest" time="3.576" classname="com.suf.wsr.daily_report.DailyReportApplicationTest"/>
</testsuite> <!-- Default test -->
