<?xml version="1.0" encoding="UTF-8"?>
<testng-results skipped="0" failed="0" ignored="1" total="2" passed="1">
  <reporter-output>
  </reporter-output>
  <suite name="Default suite" duration-ms="9139" started-at="2018-01-11T06:24:11Z" finished-at="2018-01-11T06:24:21Z">
    <groups>
    </groups>
    <test name="Default test" duration-ms="9139" started-at="2018-01-11T06:24:11Z" finished-at="2018-01-11T06:24:21Z">
      <class name="com.suf.wsr.daily_report.DailyReportApplicationTest">
        <test-method status="PASS" signature="getTicketsTest()[pri:0, instance:com.suf.wsr.daily_report.DailyReportApplicationTest@1494225]" name="getTicketsTest" duration-ms="9016" started-at="2018-01-11T11:54:12Z" finished-at="2018-01-11T11:54:21Z">
          <reporter-output>
          </reporter-output>
        </test-method> <!-- getTicketsTest -->
      </class> <!-- com.suf.wsr.daily_report.DailyReportApplicationTest -->
    </test> <!-- Default test -->
  </suite> <!-- Default suite -->
</testng-results>
